<?xml version="1.0" encoding="UTF-8"?>
<!-- Generated by org.testng.reporters.JUnitReportReporter -->
<testsuite skipped="0" hostname="Admin-PC" name="org.tcs.Group2" tests="2" failures="0" timestamp="14 Mar 2021 06:28:24 GMT" time="0.008" errors="0">
  <testcase name="tc11" time="0.007" classname="org.tcs.Group2"/>
  <testcase name="tc33" time="0.001" classname="org.tcs.Group2"/>
</testsuite> <!-- org.tcs.Group2 -->
