<?xml version="1.0" encoding="UTF-8"?>
<!-- Generated by org.testng.reporters.JUnitReportReporter -->
<testsuite skipped="0" hostname="Admin-PC" name="org.tcs.Test2" tests="3" failures="0" timestamp="13 Mar 2021 05:02:14 GMT" time="0.006" errors="0">
  <testcase name="tc33" time="0.001" classname="org.tcs.Test2"/>
  <testcase name="tc22" time="0.004" classname="org.tcs.Test2"/>
  <testcase name="tc11" time="0.001" classname="org.tcs.Test2"/>
</testsuite> <!-- org.tcs.Test2 -->
