<?xml version="1.0" encoding="UTF-8"?>
<!-- Generated by org.testng.reporters.JUnitReportReporter -->
<testsuite skipped="0" hostname="Admin-PC" name="org.tcs.TestNG" tests="3" failures="0" timestamp="11 Mar 2021 16:45:54 GMT" time="0.015" errors="0">
  <testcase name="tc3" time="0.000" classname="org.tcs.TestNG"/>
  <testcase name="tc2" time="0.000" classname="org.tcs.TestNG"/>
  <testcase name="tc1" time="0.015" classname="org.tcs.TestNG"/>
</testsuite> <!-- org.tcs.TestNG -->
