<?xml version="1.0" encoding="UTF-8"?>
<!-- Generated by org.testng.reporters.JUnitReportReporter -->
<testsuite skipped="1" hostname="Admin-PC" name="org.tcs.Testing" tests="10" failures="0" timestamp="12 Mar 2021 14:08:33 GMT" time="0.067" errors="0">
  <testcase name="tc2" time="0.014" classname="org.tcs.Testing"/>
  <testcase name="tc2" time="0.003" classname="org.tcs.Testing"/>
  <testcase name="tc1" time="0.005" classname="org.tcs.Testing"/>
  <testcase name="tc10" time="0.006" classname="org.tcs.Testing"/>
  <testcase name="tc10" time="0.007" classname="org.tcs.Testing"/>
  <testcase name="tc10" time="0.010" classname="org.tcs.Testing"/>
  <testcase name="tc10" time="0.005" classname="org.tcs.Testing"/>
  <testcase name="tc10" time="0.012" classname="org.tcs.Testing"/>
  <testcase name="tc3" time="0.005" classname="org.tcs.Testing"/>
  <testcase name="tc7" classname="org.tcs.Testing">
    <skipped/>
  </testcase> <!-- tc7 -->
</testsuite> <!-- org.tcs.Testing -->
