<?xml version="1.0" encoding="UTF-8"?>
<!-- Generated by org.testng.reporters.JUnitReportReporter -->
<testsuite skipped="0" hostname="Admin-PC" name="org.tcs.Test1" tests="3" failures="0" timestamp="13 Mar 2021 05:02:14 GMT" time="0.025" errors="0">
  <testcase name="tc1" time="0.020" classname="org.tcs.Test1"/>
  <testcase name="tc31" time="0.003" classname="org.tcs.Test1"/>
  <testcase name="tc2" time="0.002" classname="org.tcs.Test1"/>
</testsuite> <!-- org.tcs.Test1 -->
