<?xml version="1.0" encoding="UTF-8"?>
<!-- Generated by org.testng.reporters.JUnitReportReporter -->
<testsuite skipped="0" hostname="Admin-PC" name="org.tcs.ParametersOptional" tests="1" failures="0" timestamp="13 Mar 2021 07:39:34 GMT" time="13.901" errors="0">
  <testcase name="tc1" time="13.901" classname="org.tcs.ParametersOptional"/>
</testsuite> <!-- org.tcs.ParametersOptional -->
