<?xml version="1.0" encoding="UTF-8"?>
<!-- Generated by org.testng.reporters.JUnitReportReporter -->
<testsuite skipped="0" hostname="Admin-PC" name="org.tcs.Test3" tests="3" failures="0" timestamp="13 Mar 2021 05:02:14 GMT" time="0.034" errors="0">
  <testcase name="tc222" time="0.025" classname="org.tcs.Test3"/>
  <testcase name="tc333" time="0.002" classname="org.tcs.Test3"/>
  <testcase name="tc111" time="0.007" classname="org.tcs.Test3"/>
</testsuite> <!-- org.tcs.Test3 -->
