<?xml version="1.0" encoding="UTF-8"?>
<!-- Generated by org.testng.reporters.JUnitReportReporter -->
<testsuite skipped="0" hostname="Admin-PC" name="org.tcs.Group1" tests="2" failures="0" timestamp="14 Mar 2021 06:28:24 GMT" time="0.018" errors="0">
  <testcase name="tc3" time="0.001" classname="org.tcs.Group1"/>
  <testcase name="tc1" time="0.017" classname="org.tcs.Group1"/>
</testsuite> <!-- org.tcs.Group1 -->
