<?xml version="1.0" encoding="UTF-8"?>
<!-- Generated by org.testng.reporters.JUnitReportReporter -->
<testsuite skipped="0" hostname="Admin-PC" name="org.tcs.Group3" tests="3" failures="0" timestamp="14 Mar 2021 06:28:24 GMT" time="0.005" errors="0">
  <testcase name="tc333" time="0.001" classname="org.tcs.Group3"/>
  <testcase name="tc222" time="0.003" classname="org.tcs.Group3"/>
  <testcase name="tc111" time="0.001" classname="org.tcs.Group3"/>
</testsuite> <!-- org.tcs.Group3 -->
