<?xml version="1.0" encoding="UTF-8"?>
<!-- Generated by org.testng.reporters.JUnitReportReporter -->
<testsuite skipped="0" hostname="Admin-PC" name="org.tcs.Provider" tests="4" failures="0" timestamp="13 Mar 2021 15:13:09 GMT" time="65.433" errors="0">
  <testcase name="tc2" time="23.347" classname="org.tcs.Provider"/>
  <testcase name="tc2" time="28.419" classname="org.tcs.Provider"/>
  <testcase name="tc1" time="8.407" classname="org.tcs.Provider"/>
  <testcase name="tc2" time="5.260" classname="org.tcs.Provider"/>
</testsuite> <!-- org.tcs.Provider -->
